[2m2021-11-25 09:06:28.089[0;39m [32m INFO[0;39m [35m20016[0;39m [2m---[0;39m [2m[  restartedMain][0;39m [36m.e.DevToolsPropertyDefaultsPostProcessor[0;39m [2m:[0;39m Devtools property defaults active! Set 'spring.devtools.add-properties' to 'false' to disable
[2m2021-11-25 09:06:28.094[0;39m [32m INFO[0;39m [35m20016[0;39m [2m---[0;39m [2m[  restartedMain][0;39m [36m.e.DevToolsPropertyDefaultsPostProcessor[0;39m [2m:[0;39m For additional web related logging consider setting the 'logging.level.web' property to 'DEBUG'
[2m2021-11-25 09:06:29.549[0;39m [32m INFO[0;39m [35m20016[0;39m [2m---[0;39m [2m[  restartedMain][0;39m [36mo.s.b.w.embedded.tomcat.TomcatWebServer [0;39m [2m:[0;39m Tomcat initialized with port(s): 9999 (http)
[2m2021-11-25 09:06:29.639[0;39m [32m INFO[0;39m [35m20016[0;39m [2m---[0;39m [2m[  restartedMain][0;39m [36mw.s.c.ServletWebServerApplicationContext[0;39m [2m:[0;39m Root WebApplicationContext: initialization completed in 1544 ms
[2m2021-11-25 09:06:30.461[0;39m [32m INFO[0;39m [35m20016[0;39m [2m---[0;39m [2m[  restartedMain][0;39m [36mo.s.b.d.a.OptionalLiveReloadServer      [0;39m [2m:[0;39m LiveReload server is running on port 35729
[2m2021-11-25 09:06:30.694[0;39m [32m INFO[0;39m [35m20016[0;39m [2m---[0;39m [2m[  restartedMain][0;39m [36mo.s.b.w.embedded.tomcat.TomcatWebServer [0;39m [2m:[0;39m Tomcat started on port(s): 9999 (http) with context path '/vue'
[2m2021-11-25 09:07:09.623[0;39m [32m INFO[0;39m [35m20016[0;39m [2m---[0;39m [2m[nio-9999-exec-1][0;39m [36mo.s.web.servlet.DispatcherServlet       [0;39m [2m:[0;39m Initializing Servlet 'dispatcherServlet'
[2m2021-11-25 09:07:09.625[0;39m [32m INFO[0;39m [35m20016[0;39m [2m---[0;39m [2m[nio-9999-exec-1][0;39m [36mo.s.web.servlet.DispatcherServlet       [0;39m [2m:[0;39m Completed initialization in 1 ms
[2m2021-11-25 09:07:09.652[0;39m [32m INFO[0;39m [35m20016[0;39m [2m---[0;39m [2m[nio-9999-exec-1][0;39m [36mc.s.vue.controller.HouseMapController   [0;39m [2m:[0;39m sido - í˜¸ì¶œ
[2m2021-11-25 09:07:11.016[0;39m [32m INFO[0;39m [35m20016[0;39m [2m---[0;39m [2m[nio-9999-exec-2][0;39m [36mc.s.vue.controller.HouseMapController   [0;39m [2m:[0;39m gugun - í˜¸ì¶œ
[2m2021-11-25 09:10:26.195[0;39m [32m INFO[0;39m [35m20016[0;39m [2m---[0;39m [2m[nio-9999-exec-4][0;39m [36mc.s.vue.controller.HouseMapController   [0;39m [2m:[0;39m sido - í˜¸ì¶œ
[2m2021-11-25 09:10:27.410[0;39m [32m INFO[0;39m [35m20016[0;39m [2m---[0;39m [2m[nio-9999-exec-5][0;39m [36mc.s.vue.controller.HouseMapController   [0;39m [2m:[0;39m gugun - í˜¸ì¶œ
[2m2021-11-25 09:10:48.941[0;39m [32m INFO[0;39m [35m20016[0;39m [2m---[0;39m [2m[nio-9999-exec-6][0;39m [36mc.s.vue.controller.HouseMapController   [0;39m [2m:[0;39m sido - í˜¸ì¶œ
[2m2021-11-25 09:10:50.493[0;39m [32m INFO[0;39m [35m20016[0;39m [2m---[0;39m [2m[nio-9999-exec-7][0;39m [36mc.s.vue.controller.HouseMapController   [0;39m [2m:[0;39m gugun - í˜¸ì¶œ
[2m2021-11-25 09:11:11.335[0;39m [32m INFO[0;39m [35m20016[0;39m [2m---[0;39m [2m[nio-9999-exec-9][0;39m [36mc.s.vue.controller.HouseMapController   [0;39m [2m:[0;39m sido - í˜¸ì¶œ
[2m2021-11-25 09:11:12.771[0;39m [32m INFO[0;39m [35m20016[0;39m [2m---[0;39m [2m[io-9999-exec-10][0;39m [36mc.s.vue.controller.HouseMapController   [0;39m [2m:[0;39m gugun - í˜¸ì¶œ
[2m2021-11-25 09:14:36.834[0;39m [32m INFO[0;39m [35m20016[0;39m [2m---[0;39m [2m[nio-9999-exec-2][0;39m [36mc.s.vue.controller.HouseMapController   [0;39m [2m:[0;39m sido - í˜¸ì¶œ
[2m2021-11-25 09:16:04.837[0;39m [32m INFO[0;39m [35m20016[0;39m [2m---[0;39m [2m[nio-9999-exec-4][0;39m [36mc.s.vue.controller.HouseMapController   [0;39m [2m:[0;39m sido - í˜¸ì¶œ
[2m2021-11-25 09:16:58.874[0;39m [32m INFO[0;39m [35m20016[0;39m [2m---[0;39m [2m[nio-9999-exec-5][0;39m [36mc.s.vue.controller.HouseMapController   [0;39m [2m:[0;39m sido - í˜¸ì¶œ
[2m2021-11-25 09:17:01.114[0;39m [32m INFO[0;39m [35m20016[0;39m [2m---[0;39m [2m[nio-9999-exec-6][0;39m [36mc.s.vue.controller.HouseMapController   [0;39m [2m:[0;39m gugun - í˜¸ì¶œ
[2m2021-11-25 09:31:17.348[0;39m [32m INFO[0;39m [35m20016[0;39m [2m---[0;39m [2m[nio-9999-exec-8][0;39m [36mc.s.vue.controller.HouseMapController   [0;39m [2m:[0;39m sido - í˜¸ì¶œ
[2m2021-11-25 09:32:23.466[0;39m [32m INFO[0;39m [35m20016[0;39m [2m---[0;39m [2m[io-9999-exec-10][0;39m [36mc.s.vue.controller.HouseMapController   [0;39m [2m:[0;39m sido - í˜¸ì¶œ
[2m2021-11-25 09:32:25.960[0;39m [32m INFO[0;39m [35m20016[0;39m [2m---[0;39m [2m[nio-9999-exec-1][0;39m [36mc.s.vue.controller.HouseMapController   [0;39m [2m:[0;39m gugun - í˜¸ì¶œ
[2m2021-11-25 09:33:28.635[0;39m [32m INFO[0;39m [35m20016[0;39m [2m---[0;39m [2m[nio-9999-exec-3][0;39m [36mc.s.vue.controller.HouseMapController   [0;39m [2m:[0;39m sido - í˜¸ì¶œ
[2m2021-11-25 09:33:30.733[0;39m [32m INFO[0;39m [35m20016[0;39m [2m---[0;39m [2m[nio-9999-exec-4][0;39m [36mc.s.vue.controller.HouseMapController   [0;39m [2m:[0;39m gugun - í˜¸ì¶œ
[2m2021-11-25 09:34:15.248[0;39m [32m INFO[0;39m [35m20016[0;39m [2m---[0;39m [2m[nio-9999-exec-5][0;39m [36mc.s.vue.controller.HouseMapController   [0;39m [2m:[0;39m sido - í˜¸ì¶œ
[2m2021-11-25 09:34:18.722[0;39m [32m INFO[0;39m [35m20016[0;39m [2m---[0;39m [2m[nio-9999-exec-6][0;39m [36mc.s.vue.controller.HouseMapController   [0;39m [2m:[0;39m sido - í˜¸ì¶œ
[2m2021-11-25 09:34:19.961[0;39m [32m INFO[0;39m [35m20016[0;39m [2m---[0;39m [2m[nio-9999-exec-7][0;39m [36mc.s.vue.controller.HouseMapController   [0;39m [2m:[0;39m gugun - í˜¸ì¶œ
[2m2021-11-25 09:40:44.141[0;39m [32m INFO[0;39m [35m20016[0;39m [2m---[0;39m [2m[nio-9999-exec-9][0;39m [36mc.s.vue.controller.HouseMapController   [0;39m [2m:[0;39m sido - í˜¸ì¶œ
[2m2021-11-25 09:40:47.703[0;39m [32m INFO[0;39m [35m20016[0;39m [2m---[0;39m [2m[io-9999-exec-10][0;39m [36mc.s.vue.controller.HouseMapController   [0;39m [2m:[0;39m sido - í˜¸ì¶œ
[2m2021-11-25 09:40:48.913[0;39m [32m INFO[0;39m [35m20016[0;39m [2m---[0;39m [2m[nio-9999-exec-1][0;39m [36mc.s.vue.controller.HouseMapController   [0;39m [2m:[0;39m gugun - í˜¸ì¶œ
[2m2021-11-25 09:42:36.581[0;39m [32m INFO[0;39m [35m20016[0;39m [2m---[0;39m [2m[nio-9999-exec-3][0;39m [36mc.s.vue.controller.HouseMapController   [0;39m [2m:[0;39m sido - í˜¸ì¶œ
[2m2021-11-25 09:42:39.058[0;39m [32m INFO[0;39m [35m20016[0;39m [2m---[0;39m [2m[nio-9999-exec-4][0;39m [36mc.s.vue.controller.HouseMapController   [0;39m [2m:[0;39m sido - í˜¸ì¶œ
[2m2021-11-25 09:42:40.212[0;39m [32m INFO[0;39m [35m20016[0;39m [2m---[0;39m [2m[nio-9999-exec-5][0;39m [36mc.s.vue.controller.HouseMapController   [0;39m [2m:[0;39m gugun - í˜¸ì¶œ
[2m2021-11-25 09:43:00.110[0;39m [32m INFO[0;39m [35m20016[0;39m [2m---[0;39m [2m[nio-9999-exec-6][0;39m [36mc.s.vue.controller.HouseMapController   [0;39m [2m:[0;39m sido - í˜¸ì¶œ
[2m2021-11-25 09:43:01.875[0;39m [32m INFO[0;39m [35m20016[0;39m [2m---[0;39m [2m[nio-9999-exec-7][0;39m [36mc.s.vue.controller.HouseMapController   [0;39m [2m:[0;39m gugun - í˜¸ì¶œ
[2m2021-11-25 09:43:14.159[0;39m [32m INFO[0;39m [35m20016[0;39m [2m---[0;39m [2m[nio-9999-exec-8][0;39m [36mc.s.vue.controller.HouseMapController   [0;39m [2m:[0;39m sido - í˜¸ì¶œ
[2m2021-11-25 09:43:16.131[0;39m [32m INFO[0;39m [35m20016[0;39m [2m---[0;39m [2m[nio-9999-exec-9][0;39m [36mc.s.vue.controller.HouseMapController   [0;39m [2m:[0;39m gugun - í˜¸ì¶œ
[2m2021-11-25 09:43:40.732[0;39m [32m INFO[0;39m [35m20016[0;39m [2m---[0;39m [2m[io-9999-exec-10][0;39m [36mc.s.vue.controller.HouseMapController   [0;39m [2m:[0;39m sido - í˜¸ì¶œ
[2m2021-11-25 09:43:42.664[0;39m [32m INFO[0;39m [35m20016[0;39m [2m---[0;39m [2m[nio-9999-exec-1][0;39m [36mc.s.vue.controller.HouseMapController   [0;39m [2m:[0;39m sido - í˜¸ì¶œ
[2m2021-11-25 09:43:43.611[0;39m [32m INFO[0;39m [35m20016[0;39m [2m---[0;39m [2m[nio-9999-exec-2][0;39m [36mc.s.vue.controller.HouseMapController   [0;39m [2m:[0;39m gugun - í˜¸ì¶œ
[2m2021-11-25 09:43:56.044[0;39m [32m INFO[0;39m [35m20016[0;39m [2m---[0;39m [2m[nio-9999-exec-3][0;39m [36mc.s.vue.controller.HouseMapController   [0;39m [2m:[0;39m sido - í˜¸ì¶œ
[2m2021-11-25 09:43:57.447[0;39m [32m INFO[0;39m [35m20016[0;39m [2m---[0;39m [2m[nio-9999-exec-4][0;39m [36mc.s.vue.controller.HouseMapController   [0;39m [2m:[0;39m gugun - í˜¸ì¶œ
[2m2021-11-25 09:44:05.727[0;39m [32m INFO[0;39m [35m20016[0;39m [2m---[0;39m [2m[nio-9999-exec-5][0;39m [36mc.s.vue.controller.HouseMapController   [0;39m [2m:[0;39m sido - í˜¸ì¶œ
[2m2021-11-25 09:44:07.110[0;39m [32m INFO[0;39m [35m20016[0;39m [2m---[0;39m [2m[nio-9999-exec-6][0;39m [36mc.s.vue.controller.HouseMapController   [0;39m [2m:[0;39m gugun - í˜¸ì¶œ
[2m2021-11-25 09:44:16.202[0;39m [32m INFO[0;39m [35m20016[0;39m [2m---[0;39m [2m[nio-9999-exec-7][0;39m [36mc.s.vue.controller.HouseMapController   [0;39m [2m:[0;39m sido - í˜¸ì¶œ
[2m2021-11-25 09:44:17.857[0;39m [32m INFO[0;39m [35m20016[0;39m [2m---[0;39m [2m[nio-9999-exec-8][0;39m [36mc.s.vue.controller.HouseMapController   [0;39m [2m:[0;39m gugun - í˜¸ì¶œ
[2m2021-11-25 09:44:34.994[0;39m [32m INFO[0;39m [35m20016[0;39m [2m---[0;39m [2m[nio-9999-exec-9][0;39m [36mc.s.vue.controller.HouseMapController   [0;39m [2m:[0;39m sido - í˜¸ì¶œ
[2m2021-11-25 09:44:37.366[0;39m [32m INFO[0;39m [35m20016[0;39m [2m---[0;39m [2m[io-9999-exec-10][0;39m [36mc.s.vue.controller.HouseMapController   [0;39m [2m:[0;39m gugun - í˜¸ì¶œ
[2m2021-11-25 09:45:39.191[0;39m [32m INFO[0;39m [35m20016[0;39m [2m---[0;39m [2m[nio-9999-exec-2][0;39m [36mc.s.vue.controller.HouseMapController   [0;39m [2m:[0;39m sido - í˜¸ì¶œ
[2m2021-11-25 09:45:46.641[0;39m [32m INFO[0;39m [35m20016[0;39m [2m---[0;39m [2m[nio-9999-exec-3][0;39m [36mc.s.vue.controller.HouseMapController   [0;39m [2m:[0;39m gugun - í˜¸ì¶œ
[2m2021-11-25 09:45:53.749[0;39m [32m INFO[0;39m [35m20016[0;39m [2m---[0;39m [2m[nio-9999-exec-4][0;39m [36mc.s.vue.controller.HouseMapController   [0;39m [2m:[0;39m sido - í˜¸ì¶œ
[2m2021-11-25 09:45:55.187[0;39m [32m INFO[0;39m [35m20016[0;39m [2m---[0;39m [2m[nio-9999-exec-5][0;39m [36mc.s.vue.controller.HouseMapController   [0;39m [2m:[0;39m gugun - í˜¸ì¶œ
[2m2021-11-25 09:46:01.712[0;39m [32m INFO[0;39m [35m20016[0;39m [2m---[0;39m [2m[nio-9999-exec-6][0;39m [36mc.s.vue.controller.HouseMapController   [0;39m [2m:[0;39m sido - í˜¸ì¶œ
[2m2021-11-25 09:46:03.393[0;39m [32m INFO[0;39m [35m20016[0;39m [2m---[0;39m [2m[nio-9999-exec-7][0;39m [36mc.s.vue.controller.HouseMapController   [0;39m [2m:[0;39m gugun - í˜¸ì¶œ
[2m2021-11-25 09:48:34.125[0;39m [32m INFO[0;39m [35m20016[0;39m [2m---[0;39m [2m[nio-9999-exec-9][0;39m [36mc.s.vue.controller.HouseMapController   [0;39m [2m:[0;39m sido - í˜¸ì¶œ
[2m2021-11-25 09:48:35.930[0;39m [32m INFO[0;39m [35m20016[0;39m [2m---[0;39m [2m[io-9999-exec-10][0;39m [36mc.s.vue.controller.HouseMapController   [0;39m [2m:[0;39m gugun - í˜¸ì¶œ
[2m2021-11-25 09:48:44.364[0;39m [32m INFO[0;39m [35m20016[0;39m [2m---[0;39m [2m[nio-9999-exec-1][0;39m [36mc.s.vue.controller.HouseMapController   [0;39m [2m:[0;39m sido - í˜¸ì¶œ
[2m2021-11-25 09:48:46.119[0;39m [32m INFO[0;39m [35m20016[0;39m [2m---[0;39m [2m[nio-9999-exec-2][0;39m [36mc.s.vue.controller.HouseMapController   [0;39m [2m:[0;39m gugun - í˜¸ì¶œ
[2m2021-11-25 09:49:13.100[0;39m [32m INFO[0;39m [35m20016[0;39m [2m---[0;39m [2m[nio-9999-exec-3][0;39m [36mc.s.vue.controller.HouseMapController   [0;39m [2m:[0;39m sido - í˜¸ì¶œ
[2m2021-11-25 09:49:14.196[0;39m [32m INFO[0;39m [35m20016[0;39m [2m---[0;39m [2m[nio-9999-exec-4][0;39m [36mc.s.vue.controller.HouseMapController   [0;39m [2m:[0;39m gugun - í˜¸ì¶œ
[2m2021-11-25 09:49:23.569[0;39m [32m INFO[0;39m [35m20016[0;39m [2m---[0;39m [2m[nio-9999-exec-5][0;39m [36mc.s.vue.controller.HouseMapController   [0;39m [2m:[0;39m sido - í˜¸ì¶œ
[2m2021-11-25 09:49:26.046[0;39m [32m INFO[0;39m [35m20016[0;39m [2m---[0;39m [2m[nio-9999-exec-6][0;39m [36mc.s.vue.controller.HouseMapController   [0;39m [2m:[0;39m gugun - í˜¸ì¶œ
[2m2021-11-25 09:55:30.688[0;39m [32m INFO[0;39m [35m20016[0;39m [2m---[0;39m [2m[nio-9999-exec-8][0;39m [36mc.s.vue.controller.HouseMapController   [0;39m [2m:[0;39m sido - í˜¸ì¶œ
[2m2021-11-25 09:55:34.892[0;39m [32m INFO[0;39m [35m20016[0;39m [2m---[0;39m [2m[nio-9999-exec-9][0;39m [36mc.s.vue.controller.HouseMapController   [0;39m [2m:[0;39m sido - í˜¸ì¶œ
[2m2021-11-25 09:55:36.085[0;39m [32m INFO[0;39m [35m20016[0;39m [2m---[0;39m [2m[io-9999-exec-10][0;39m [36mc.s.vue.controller.HouseMapController   [0;39m [2m:[0;39m gugun - í˜¸ì¶œ
[2m2021-11-25 09:57:46.917[0;39m [32m INFO[0;39m [35m20016[0;39m [2m---[0;39m [2m[nio-9999-exec-2][0;39m [36mc.s.vue.controller.HouseMapController   [0;39m [2m:[0;39m sido - í˜¸ì¶œ
[2m2021-11-25 09:57:48.392[0;39m [32m INFO[0;39m [35m20016[0;39m [2m---[0;39m [2m[nio-9999-exec-3][0;39m [36mc.s.vue.controller.HouseMapController   [0;39m [2m:[0;39m gugun - í˜¸ì¶œ
[2m2021-11-25 09:59:29.542[0;39m [32m INFO[0;39m [35m20016[0;39m [2m---[0;39m [2m[nio-9999-exec-5][0;39m [36mc.s.vue.controller.HouseMapController   [0;39m [2m:[0;39m sido - í˜¸ì¶œ
[2m2021-11-25 09:59:32.751[0;39m [32m INFO[0;39m [35m20016[0;39m [2m---[0;39m [2m[nio-9999-exec-6][0;39m [36mc.s.vue.controller.HouseMapController   [0;39m [2m:[0;39m sido - í˜¸ì¶œ
[2m2021-11-25 09:59:33.588[0;39m [32m INFO[0;39m [35m20016[0;39m [2m---[0;39m [2m[nio-9999-exec-7][0;39m [36mc.s.vue.controller.HouseMapController   [0;39m [2m:[0;39m sido - í˜¸ì¶œ
[2m2021-11-25 09:59:38.684[0;39m [32m INFO[0;39m [35m20016[0;39m [2m---[0;39m [2m[nio-9999-exec-8][0;39m [36mc.s.vue.controller.HouseMapController   [0;39m [2m:[0;39m sido - í˜¸ì¶œ
[2m2021-11-25 09:59:40.920[0;39m [32m INFO[0;39m [35m20016[0;39m [2m---[0;39m [2m[nio-9999-exec-9][0;39m [36mc.s.vue.controller.HouseMapController   [0;39m [2m:[0;39m gugun - í˜¸ì¶œ
[2m2021-11-25 10:02:02.995[0;39m [32m INFO[0;39m [35m20016[0;39m [2m---[0;39m [2m[nio-9999-exec-1][0;39m [36mc.ssafy.vue.controller.BoardController  [0;39m [2m:[0;39m listArticle - í˜¸ì¶œ
[2m2021-11-25 10:02:05.925[0;39m [32m INFO[0;39m [35m20016[0;39m [2m---[0;39m [2m[nio-9999-exec-2][0;39m [36mc.ssafy.vue.controller.BoardController  [0;39m [2m:[0;39m listArticle - í˜¸ì¶œ
[2m2021-11-25 10:02:08.659[0;39m [32m INFO[0;39m [35m20016[0;39m [2m---[0;39m [2m[nio-9999-exec-3][0;39m [36mc.s.vue.controller.HouseMapController   [0;39m [2m:[0;39m sido - í˜¸ì¶œ
[2m2021-11-25 10:02:15.519[0;39m [32m INFO[0;39m [35m20016[0;39m [2m---[0;39m [2m[nio-9999-exec-4][0;39m [36mc.s.vue.controller.HouseMapController   [0;39m [2m:[0;39m gugun - í˜¸ì¶œ
[2m2021-11-25 10:03:12.593[0;39m [32m INFO[0;39m [35m20016[0;39m [2m---[0;39m [2m[nio-9999-exec-5][0;39m [36mc.s.vue.controller.HouseMapController   [0;39m [2m:[0;39m sido - í˜¸ì¶œ
[2m2021-11-25 10:33:08.914[0;39m [32m INFO[0;39m [35m20016[0;39m [2m---[0;39m [2m[nio-9999-exec-2][0;39m [36mc.ssafy.vue.controller.BoardController  [0;39m [2m:[0;39m listArticle - í˜¸ì¶œ
[2m2021-11-25 10:33:14.434[0;39m [32m INFO[0;39m [35m20016[0;39m [2m---[0;39m [2m[nio-9999-exec-3][0;39m [36mc.ssafy.vue.controller.BoardController  [0;39m [2m:[0;39m listArticle - í˜¸ì¶œ
[2m2021-11-25 10:33:39.436[0;39m [32m INFO[0;39m [35m20016[0;39m [2m---[0;39m [2m[nio-9999-exec-4][0;39m [36mc.ssafy.vue.controller.BoardController  [0;39m [2m:[0;39m listArticle - í˜¸ì¶œ
[2m2021-11-25 10:33:40.057[0;39m [32m INFO[0;39m [35m20016[0;39m [2m---[0;39m [2m[nio-9999-exec-5][0;39m [36mc.s.vue.controller.HouseMapController   [0;39m [2m:[0;39m sido - í˜¸ì¶œ
[2m2021-11-25 10:41:18.251[0;39m [32m INFO[0;39m [35m20016[0;39m [2m---[0;39m [2m[nio-9999-exec-3][0;39m [36mc.s.vue.controller.HouseMapController   [0;39m [2m:[0;39m sido - í˜¸ì¶œ
[2m2021-11-25 10:41:55.559[0;39m [32m INFO[0;39m [35m20016[0;39m [2m---[0;39m [2m[nio-9999-exec-4][0;39m [36mc.s.vue.controller.HouseMapController   [0;39m [2m:[0;39m sido - í˜¸ì¶œ
[2m2021-11-25 10:41:59.393[0;39m [32m INFO[0;39m [35m20016[0;39m [2m---[0;39m [2m[nio-9999-exec-5][0;39m [36mc.ssafy.vue.controller.BoardController  [0;39m [2m:[0;39m listArticle - í˜¸ì¶œ
[2m2021-11-25 10:42:10.268[0;39m [32m INFO[0;39m [35m20016[0;39m [2m---[0;39m [2m[nio-9999-exec-6][0;39m [36mc.s.vue.controller.HouseMapController   [0;39m [2m:[0;39m sido - í˜¸ì¶œ
[2m2021-11-25 10:46:39.063[0;39m [32m INFO[0;39m [35m20016[0;39m [2m---[0;39m [2m[nio-9999-exec-9][0;39m [36mc.s.vue.controller.HouseMapController   [0;39m [2m:[0;39m gugun - í˜¸ì¶œ
[2m2021-11-25 10:49:15.672[0;39m [32m INFO[0;39m [35m20016[0;39m [2m---[0;39m [2m[nio-9999-exec-2][0;39m [36mc.s.vue.controller.HouseMapController   [0;39m [2m:[0;39m sido - í˜¸ì¶œ
[2m2021-11-25 10:51:36.468[0;39m [32m INFO[0;39m [35m20016[0;39m [2m---[0;39m [2m[nio-9999-exec-4][0;39m [36mc.s.vue.controller.HouseMapController   [0;39m [2m:[0;39m sido - í˜¸ì¶œ
[2m2021-11-25 10:51:59.408[0;39m [32m INFO[0;39m [35m20016[0;39m [2m---[0;39m [2m[nio-9999-exec-5][0;39m [36mc.s.vue.controller.HouseMapController   [0;39m [2m:[0;39m sido - í˜¸ì¶œ
[2m2021-11-25 10:52:06.588[0;39m [32m INFO[0;39m [35m20016[0;39m [2m---[0;39m [2m[nio-9999-exec-6][0;39m [36mc.s.vue.controller.HouseMapController   [0;39m [2m:[0;39m sido - í˜¸ì¶œ
[2m2021-11-25 10:52:34.602[0;39m [32m INFO[0;39m [35m20016[0;39m [2m---[0;39m [2m[nio-9999-exec-7][0;39m [36mc.s.vue.controller.HouseMapController   [0;39m [2m:[0;39m sido - í˜¸ì¶œ
[2m2021-11-25 10:52:34.736[0;39m [32m INFO[0;39m [35m20016[0;39m [2m---[0;39m [2m[nio-9999-exec-8][0;39m [36mc.s.vue.controller.HouseMapController   [0;39m [2m:[0;39m sido - í˜¸ì¶œ
[2m2021-11-25 10:52:46.054[0;39m [32m INFO[0;39m [35m20016[0;39m [2m---[0;39m [2m[nio-9999-exec-9][0;39m [36mc.s.vue.controller.HouseMapController   [0;39m [2m:[0;39m sido - í˜¸ì¶œ
[2m2021-11-25 10:53:11.717[0;39m [32m INFO[0;39m [35m20016[0;39m [2m---[0;39m [2m[io-9999-exec-10][0;39m [36mc.s.vue.controller.HouseMapController   [0;39m [2m:[0;39m sido - í˜¸ì¶œ
[2m2021-11-25 10:54:23.541[0;39m [32m INFO[0;39m [35m20016[0;39m [2m---[0;39m [2m[nio-9999-exec-2][0;39m [36mc.s.vue.controller.HouseMapController   [0;39m [2m:[0;39m sido - í˜¸ì¶œ
[2m2021-11-25 10:55:29.119[0;39m [32m INFO[0;39m [35m20016[0;39m [2m---[0;39m [2m[nio-9999-exec-4][0;39m [36mc.s.vue.controller.HouseMapController   [0;39m [2m:[0;39m sido - í˜¸ì¶œ
[2m2021-11-25 10:58:27.891[0;39m [32m INFO[0;39m [35m20016[0;39m [2m---[0;39m [2m[nio-9999-exec-6][0;39m [36mc.s.vue.controller.HouseMapController   [0;39m [2m:[0;39m sido - í˜¸ì¶œ
[2m2021-11-25 10:58:44.964[0;39m [32m INFO[0;39m [35m20016[0;39m [2m---[0;39m [2m[nio-9999-exec-7][0;39m [36mc.s.vue.controller.HouseMapController   [0;39m [2m:[0;39m sido - í˜¸ì¶œ
[2m2021-11-25 11:00:22.318[0;39m [32m INFO[0;39m [35m20016[0;39m [2m---[0;39m [2m[nio-9999-exec-9][0;39m [36mc.s.vue.controller.HouseMapController   [0;39m [2m:[0;39m sido - í˜¸ì¶œ
[2m2021-11-25 11:02:10.686[0;39m [32m INFO[0;39m [35m20016[0;39m [2m---[0;39m [2m[nio-9999-exec-1][0;39m [36mc.s.vue.controller.HouseMapController   [0;39m [2m:[0;39m sido - í˜¸ì¶œ
[2m2021-11-25 11:03:11.185[0;39m [32m INFO[0;39m [35m20016[0;39m [2m---[0;39m [2m[nio-9999-exec-3][0;39m [36mc.s.vue.controller.HouseMapController   [0;39m [2m:[0;39m sido - í˜¸ì¶œ
[2m2021-11-25 11:03:55.635[0;39m [32m INFO[0;39m [35m20016[0;39m [2m---[0;39m [2m[nio-9999-exec-4][0;39m [36mc.s.vue.controller.HouseMapController   [0;39m [2m:[0;39m sido - í˜¸ì¶œ
[2m2021-11-25 11:04:59.897[0;39m [32m INFO[0;39m [35m20016[0;39m [2m---[0;39m [2m[nio-9999-exec-6][0;39m [36mc.s.vue.controller.HouseMapController   [0;39m [2m:[0;39m sido - í˜¸ì¶œ
[2m2021-11-25 11:11:13.404[0;39m [32m INFO[0;39m [35m20016[0;39m [2m---[0;39m [2m[nio-9999-exec-8][0;39m [36mc.s.vue.controller.HouseMapController   [0;39m [2m:[0;39m sido - í˜¸ì¶œ
[2m2021-11-25 11:14:26.926[0;39m [32m INFO[0;39m [35m20016[0;39m [2m---[0;39m [2m[io-9999-exec-10][0;39m [36mc.s.vue.controller.HouseMapController   [0;39m [2m:[0;39m sido - í˜¸ì¶œ
[2m2021-11-25 11:14:33.079[0;39m [32m INFO[0;39m [35m20016[0;39m [2m---[0;39m [2m[nio-9999-exec-1][0;39m [36mc.s.vue.controller.HouseMapController   [0;39m [2m:[0;39m sido - í˜¸ì¶œ
[2m2021-11-25 11:14:45.837[0;39m [32m INFO[0;39m [35m20016[0;39m [2m---[0;39m [2m[nio-9999-exec-2][0;39m [36mc.s.vue.controller.HouseMapController   [0;39m [2m:[0;39m sido - í˜¸ì¶œ
[2m2021-11-25 11:15:27.618[0;39m [32m INFO[0;39m [35m20016[0;39m [2m---[0;39m [2m[nio-9999-exec-3][0;39m [36mc.s.vue.controller.HouseMapController   [0;39m [2m:[0;39m sido - í˜¸ì¶œ
[2m2021-11-25 11:15:49.214[0;39m [32m INFO[0;39m [35m20016[0;39m [2m---[0;39m [2m[nio-9999-exec-4][0;39m [36mc.s.vue.controller.HouseMapController   [0;39m [2m:[0;39m sido - í˜¸ì¶œ
[2m2021-11-25 11:17:11.796[0;39m [32m INFO[0;39m [35m20016[0;39m [2m---[0;39m [2m[nio-9999-exec-6][0;39m [36mc.s.vue.controller.HouseMapController   [0;39m [2m:[0;39m sido - í˜¸ì¶œ
[2m2021-11-25 11:17:14.496[0;39m [32m INFO[0;39m [35m20016[0;39m [2m---[0;39m [2m[nio-9999-exec-7][0;39m [36mc.s.vue.controller.HouseMapController   [0;39m [2m:[0;39m sido - í˜¸ì¶œ
[2m2021-11-25 11:18:43.013[0;39m [32m INFO[0;39m [35m20016[0;39m [2m---[0;39m [2m[nio-9999-exec-9][0;39m [36mc.s.vue.controller.HouseMapController   [0;39m [2m:[0;39m sido - í˜¸ì¶œ
[2m2021-11-25 11:18:45.311[0;39m [33m WARN[0;39m [35m20016[0;39m [2m---[0;39m [2m[io-9999-exec-10][0;39m [36mo.s.web.servlet.PageNotFound            [0;39m [2m:[0;39m No mapping for GET /vue/map/search/
[2m2021-11-25 11:19:31.170[0;39m [33m WARN[0;39m [35m20016[0;39m [2m---[0;39m [2m[nio-9999-exec-2][0;39m [36mo.s.web.servlet.PageNotFound            [0;39m [2m:[0;39m No mapping for GET /vue/map/search/
[2m2021-11-25 11:19:35.367[0;39m [32m INFO[0;39m [35m20016[0;39m [2m---[0;39m [2m[nio-9999-exec-3][0;39m [36mc.s.vue.controller.HouseMapController   [0;39m [2m:[0;39m sido - í˜¸ì¶œ
[2m2021-11-25 11:19:37.246[0;39m [33m WARN[0;39m [35m20016[0;39m [2m---[0;39m [2m[nio-9999-exec-4][0;39m [36mo.s.web.servlet.PageNotFound            [0;39m [2m:[0;39m No mapping for GET /vue/map/search/
[2m2021-11-25 11:19:46.105[0;39m [33m WARN[0;39m [35m20016[0;39m [2m---[0;39m [2m[nio-9999-exec-5][0;39m [36mo.s.web.servlet.PageNotFound            [0;39m [2m:[0;39m No mapping for GET /vue/map/search/
[2m2021-11-25 11:19:47.968[0;39m [33m WARN[0;39m [35m20016[0;39m [2m---[0;39m [2m[nio-9999-exec-6][0;39m [36mo.s.web.servlet.PageNotFound            [0;39m [2m:[0;39m No mapping for GET /vue/map/search/
[2m2021-11-25 11:21:02.831[0;39m [32m INFO[0;39m [35m20016[0;39m [2m---[0;39m [2m[  restartedMain][0;39m [36mo.s.b.w.embedded.tomcat.TomcatWebServer [0;39m [2m:[0;39m Tomcat initialized with port(s): 9999 (http)
[2m2021-11-25 11:21:02.852[0;39m [32m INFO[0;39m [35m20016[0;39m [2m---[0;39m [2m[  restartedMain][0;39m [36mw.s.c.ServletWebServerApplicationContext[0;39m [2m:[0;39m Root WebApplicationContext: initialization completed in 482 ms
[2m2021-11-25 11:21:03.032[0;39m [32m INFO[0;39m [35m20016[0;39m [2m---[0;39m [2m[  restartedMain][0;39m [36mo.s.b.d.a.OptionalLiveReloadServer      [0;39m [2m:[0;39m LiveReload server is running on port 35729
[2m2021-11-25 11:21:03.100[0;39m [32m INFO[0;39m [35m20016[0;39m [2m---[0;39m [2m[  restartedMain][0;39m [36mo.s.b.w.embedded.tomcat.TomcatWebServer [0;39m [2m:[0;39m Tomcat started on port(s): 9999 (http) with context path '/vue'
[2m2021-11-25 11:21:03.154[0;39m [32m INFO[0;39m [35m20016[0;39m [2m---[0;39m [2m[  restartedMain][0;39m [36m.ConditionEvaluationDeltaLoggingListener[0;39m [2m:[0;39m Condition evaluation unchanged
[2m2021-11-25 11:21:07.158[0;39m [32m INFO[0;39m [35m20016[0;39m [2m---[0;39m [2m[nio-9999-exec-1][0;39m [36mo.s.web.servlet.DispatcherServlet       [0;39m [2m:[0;39m Initializing Servlet 'dispatcherServlet'
[2m2021-11-25 11:21:07.159[0;39m [32m INFO[0;39m [35m20016[0;39m [2m---[0;39m [2m[nio-9999-exec-1][0;39m [36mo.s.web.servlet.DispatcherServlet       [0;39m [2m:[0;39m Completed initialization in 0 ms
[2m2021-11-25 11:21:07.160[0;39m [33m WARN[0;39m [35m20016[0;39m [2m---[0;39m [2m[nio-9999-exec-1][0;39m [36mo.s.web.servlet.PageNotFound            [0;39m [2m:[0;39m No mapping for GET /vue/map/search/
[2m2021-11-25 11:26:39.597[0;39m [32m INFO[0;39m [35m20016[0;39m [2m---[0;39m [2m[nio-9999-exec-4][0;39m [36mc.s.vue.controller.HouseMapController   [0;39m [2m:[0;39m sido - í˜¸ì¶œ
[2m2021-11-25 11:26:45.846[0;39m [32m INFO[0;39m [35m20016[0;39m [2m---[0;39m [2m[nio-9999-exec-5][0;39m [36mc.s.vue.controller.HouseMapController   [0;39m [2m:[0;39m sido - í˜¸ì¶œ
[2m2021-11-25 11:26:56.494[0;39m [32m INFO[0;39m [35m20016[0;39m [2m---[0;39m [2m[nio-9999-exec-6][0;39m [36mc.s.vue.controller.HouseMapController   [0;39m [2m:[0;39m sido - í˜¸ì¶œ
[2m2021-11-25 11:27:28.850[0;39m [32m INFO[0;39m [35m20016[0;39m [2m---[0;39m [2m[  restartedMain][0;39m [36mo.s.b.w.embedded.tomcat.TomcatWebServer [0;39m [2m:[0;39m Tomcat initialized with port(s): 9999 (http)
[2m2021-11-25 11:27:28.869[0;39m [32m INFO[0;39m [35m20016[0;39m [2m---[0;39m [2m[  restartedMain][0;39m [36mw.s.c.ServletWebServerApplicationContext[0;39m [2m:[0;39m Root WebApplicationContext: initialization completed in 417 ms
[2m2021-11-25 11:27:29.018[0;39m [32m INFO[0;39m [35m20016[0;39m [2m---[0;39m [2m[  restartedMain][0;39m [36mo.s.b.d.a.OptionalLiveReloadServer      [0;39m [2m:[0;39m LiveReload server is running on port 35729
[2m2021-11-25 11:27:29.075[0;39m [32m INFO[0;39m [35m20016[0;39m [2m---[0;39m [2m[  restartedMain][0;39m [36mo.s.b.w.embedded.tomcat.TomcatWebServer [0;39m [2m:[0;39m Tomcat started on port(s): 9999 (http) with context path '/vue'
[2m2021-11-25 11:27:29.114[0;39m [32m INFO[0;39m [35m20016[0;39m [2m---[0;39m [2m[  restartedMain][0;39m [36m.ConditionEvaluationDeltaLoggingListener[0;39m [2m:[0;39m Condition evaluation unchanged
[2m2021-11-25 11:27:36.272[0;39m [32m INFO[0;39m [35m20016[0;39m [2m---[0;39m [2m[  restartedMain][0;39m [36mo.s.b.w.embedded.tomcat.TomcatWebServer [0;39m [2m:[0;39m Tomcat initialized with port(s): 9999 (http)
[2m2021-11-25 11:27:36.287[0;39m [32m INFO[0;39m [35m20016[0;39m [2m---[0;39m [2m[  restartedMain][0;39m [36mw.s.c.ServletWebServerApplicationContext[0;39m [2m:[0;39m Root WebApplicationContext: initialization completed in 347 ms
[2m2021-11-25 11:27:36.416[0;39m [32m INFO[0;39m [35m20016[0;39m [2m---[0;39m [2m[  restartedMain][0;39m [36mo.s.b.d.a.OptionalLiveReloadServer      [0;39m [2m:[0;39m LiveReload server is running on port 35729
[2m2021-11-25 11:27:36.471[0;39m [32m INFO[0;39m [35m20016[0;39m [2m---[0;39m [2m[  restartedMain][0;39m [36mo.s.b.w.embedded.tomcat.TomcatWebServer [0;39m [2m:[0;39m Tomcat started on port(s): 9999 (http) with context path '/vue'
[2m2021-11-25 11:27:36.507[0;39m [32m INFO[0;39m [35m20016[0;39m [2m---[0;39m [2m[  restartedMain][0;39m [36m.ConditionEvaluationDeltaLoggingListener[0;39m [2m:[0;39m Condition evaluation unchanged
[2m2021-11-25 11:27:38.253[0;39m [32m INFO[0;39m [35m20016[0;39m [2m---[0;39m [2m[nio-9999-exec-1][0;39m [36mo.s.web.servlet.DispatcherServlet       [0;39m [2m:[0;39m Initializing Servlet 'dispatcherServlet'
[2m2021-11-25 11:27:38.254[0;39m [32m INFO[0;39m [35m20016[0;39m [2m---[0;39m [2m[nio-9999-exec-1][0;39m [36mo.s.web.servlet.DispatcherServlet       [0;39m [2m:[0;39m Completed initialization in 0 ms
[2m2021-11-25 11:27:39.142[0;39m [32m INFO[0;39m [35m20016[0;39m [2m---[0;39m [2m[nio-9999-exec-2][0;39m [36mc.s.vue.controller.HouseMapController   [0;39m [2m:[0;39m sido - í˜¸ì¶œ
[2m2021-11-25 11:28:07.335[0;39m [32m INFO[0;39m [35m20016[0;39m [2m---[0;39m [2m[  restartedMain][0;39m [36mo.s.b.w.embedded.tomcat.TomcatWebServer [0;39m [2m:[0;39m Tomcat initialized with port(s): 9999 (http)
[2m2021-11-25 11:28:07.354[0;39m [32m INFO[0;39m [35m20016[0;39m [2m---[0;39m [2m[  restartedMain][0;39m [36mw.s.c.ServletWebServerApplicationContext[0;39m [2m:[0;39m Root WebApplicationContext: initialization completed in 415 ms
[2m2021-11-25 11:28:07.501[0;39m [32m INFO[0;39m [35m20016[0;39m [2m---[0;39m [2m[  restartedMain][0;39m [36mo.s.b.d.a.OptionalLiveReloadServer      [0;39m [2m:[0;39m LiveReload server is running on port 35729
[2m2021-11-25 11:28:07.554[0;39m [32m INFO[0;39m [35m20016[0;39m [2m---[0;39m [2m[  restartedMain][0;39m [36mo.s.b.w.embedded.tomcat.TomcatWebServer [0;39m [2m:[0;39m Tomcat started on port(s): 9999 (http) with context path '/vue'
[2m2021-11-25 11:28:07.588[0;39m [32m INFO[0;39m [35m20016[0;39m [2m---[0;39m [2m[  restartedMain][0;39m [36m.ConditionEvaluationDeltaLoggingListener[0;39m [2m:[0;39m Condition evaluation unchanged
[2m2021-11-25 11:28:14.233[0;39m [32m INFO[0;39m [35m20016[0;39m [2m---[0;39m [2m[nio-9999-exec-1][0;39m [36mo.s.web.servlet.DispatcherServlet       [0;39m [2m:[0;39m Initializing Servlet 'dispatcherServlet'
[2m2021-11-25 11:28:14.235[0;39m [32m INFO[0;39m [35m20016[0;39m [2m---[0;39m [2m[nio-9999-exec-1][0;39m [36mo.s.web.servlet.DispatcherServlet       [0;39m [2m:[0;39m Completed initialization in 1 ms
[2m2021-11-25 11:28:44.959[0;39m [32m INFO[0;39m [35m20016[0;39m [2m---[0;39m [2m[nio-9999-exec-4][0;39m [36mc.s.vue.controller.HouseMapController   [0;39m [2m:[0;39m sido - í˜¸ì¶œ
[2m2021-11-25 11:28:47.501[0;39m [32m INFO[0;39m [35m20016[0;39m [2m---[0;39m [2m[nio-9999-exec-5][0;39m [36mc.s.vue.controller.HouseMapController   [0;39m [2m:[0;39m sido - í˜¸ì¶œ
[2m2021-11-25 11:32:11.988[0;39m [32m INFO[0;39m [35m20016[0;39m [2m---[0;39m [2m[nio-9999-exec-8][0;39m [36mc.s.vue.controller.HouseMapController   [0;39m [2m:[0;39m sido - í˜¸ì¶œ
[2m2021-11-25 11:32:15.876[0;39m [32m INFO[0;39m [35m20016[0;39m [2m---[0;39m [2m[nio-9999-exec-9][0;39m [36mc.s.vue.controller.HouseMapController   [0;39m [2m:[0;39m sido - í˜¸ì¶œ
[2m2021-11-25 11:37:01.721[0;39m [32m INFO[0;39m [35m20016[0;39m [2m---[0;39m [2m[nio-9999-exec-1][0;39m [36mc.s.vue.controller.HouseMapController   [0;39m [2m:[0;39m sido - í˜¸ì¶œ
[2m2021-11-25 11:37:01.774[0;39m [32m INFO[0;39m [35m20016[0;39m [2m---[0;39m [2m[nio-9999-exec-2][0;39m [36mc.s.vue.controller.HouseMapController   [0;39m [2m:[0;39m sido - í˜¸ì¶œ
[2m2021-11-25 11:37:02.716[0;39m [32m INFO[0;39m [35m20016[0;39m [2m---[0;39m [2m[nio-9999-exec-3][0;39m [36mc.s.vue.controller.HouseMapController   [0;39m [2m:[0;39m sido - í˜¸ì¶œ
[2m2021-11-25 11:40:11.194[0;39m [32m INFO[0;39m [35m20016[0;39m [2m---[0;39m [2m[nio-9999-exec-7][0;39m [36mc.s.vue.controller.HouseMapController   [0;39m [2m:[0;39m sido - í˜¸ì¶œ
[2m2021-11-25 11:44:00.657[0;39m [32m INFO[0;39m [35m20016[0;39m [2m---[0;39m [2m[nio-9999-exec-1][0;39m [36mc.s.vue.controller.HouseMapController   [0;39m [2m:[0;39m sido - í˜¸ì¶œ
[2m2021-11-25 11:44:36.605[0;39m [32m INFO[0;39m [35m20016[0;39m [2m---[0;39m [2m[nio-9999-exec-2][0;39m [36mc.s.vue.controller.HouseMapController   [0;39m [2m:[0;39m sido - í˜¸ì¶œ
[2m2021-11-25 11:44:40.503[0;39m [32m INFO[0;39m [35m20016[0;39m [2m---[0;39m [2m[nio-9999-exec-3][0;39m [36mc.s.vue.controller.HouseMapController   [0;39m [2m:[0;39m sido - í˜¸ì¶œ
[2m2021-11-25 11:44:47.864[0;39m [32m INFO[0;39m [35m20016[0;39m [2m---[0;39m [2m[nio-9999-exec-4][0;39m [36mc.s.vue.controller.HouseMapController   [0;39m [2m:[0;39m sido - í˜¸ì¶œ
[2m2021-11-25 11:46:26.563[0;39m [32m INFO[0;39m [35m20016[0;39m [2m---[0;39m [2m[nio-9999-exec-7][0;39m [36mc.s.vue.controller.HouseMapController   [0;39m [2m:[0;39m sido - í˜¸ì¶œ
[2m2021-11-25 11:46:28.528[0;39m [32m INFO[0;39m [35m20016[0;39m [2m---[0;39m [2m[nio-9999-exec-8][0;39m [36mc.s.vue.controller.HouseMapController   [0;39m [2m:[0;39m sido - í˜¸ì¶œ
[2m2021-11-25 11:47:43.823[0;39m [32m INFO[0;39m [35m20016[0;39m [2m---[0;39m [2m[nio-9999-exec-1][0;39m [36mc.s.vue.controller.HouseMapController   [0;39m [2m:[0;39m sido - í˜¸ì¶œ
[2m2021-11-25 11:48:09.078[0;39m [32m INFO[0;39m [35m20016[0;39m [2m---[0;39m [2m[nio-9999-exec-3][0;39m [36mc.s.vue.controller.HouseMapController   [0;39m [2m:[0;39m sido - í˜¸ì¶œ
[2m2021-11-25 11:48:24.223[0;39m [32m INFO[0;39m [35m20016[0;39m [2m---[0;39m [2m[nio-9999-exec-5][0;39m [36mc.s.vue.controller.HouseMapController   [0;39m [2m:[0;39m sido - í˜¸ì¶œ
[2m2021-11-25 11:48:33.377[0;39m [32m INFO[0;39m [35m20016[0;39m [2m---[0;39m [2m[nio-9999-exec-7][0;39m [36mc.s.vue.controller.HouseMapController   [0;39m [2m:[0;39m sido - í˜¸ì¶œ
[2m2021-11-25 11:49:43.599[0;39m [32m INFO[0;39m [35m20016[0;39m [2m---[0;39m [2m[nio-9999-exec-1][0;39m [36mc.s.vue.controller.HouseMapController   [0;39m [2m:[0;39m gugun - í˜¸ì¶œ
[2m2021-11-25 11:51:08.795[0;39m [32m INFO[0;39m [35m20016[0;39m [2m---[0;39m [2m[nio-9999-exec-3][0;39m [36mc.s.vue.controller.HouseMapController   [0;39m [2m:[0;39m sido - í˜¸ì¶œ
[2m2021-11-25 11:51:42.916[0;39m [32m INFO[0;39m [35m20016[0;39m [2m---[0;39m [2m[nio-9999-exec-5][0;39m [36mc.s.vue.controller.HouseMapController   [0;39m [2m:[0;39m sido - í˜¸ì¶œ
[2m2021-11-25 11:53:09.870[0;39m [32m INFO[0;39m [35m20016[0;39m [2m---[0;39m [2m[nio-9999-exec-8][0;39m [36mc.s.vue.controller.HouseMapController   [0;39m [2m:[0;39m gugun - í˜¸ì¶œ
[2m2021-11-25 11:55:06.699[0;39m [32m INFO[0;39m [35m20016[0;39m [2m---[0;39m [2m[nio-9999-exec-1][0;39m [36mc.s.vue.controller.HouseMapController   [0;39m [2m:[0;39m sido - í˜¸ì¶œ
[2m2021-11-25 11:55:11.812[0;39m [32m INFO[0;39m [35m20016[0;39m [2m---[0;39m [2m[nio-9999-exec-2][0;39m [36mc.s.vue.controller.HouseMapController   [0;39m [2m:[0;39m sido - í˜¸ì¶œ
[2m2021-11-25 11:56:20.310[0;39m [32m INFO[0;39m [35m20016[0;39m [2m---[0;39m [2m[nio-9999-exec-4][0;39m [36mc.s.vue.controller.HouseMapController   [0;39m [2m:[0;39m sido - í˜¸ì¶œ
[2m2021-11-25 11:56:47.495[0;39m [32m INFO[0;39m [35m20016[0;39m [2m---[0;39m [2m[nio-9999-exec-5][0;39m [36mc.s.vue.controller.HouseMapController   [0;39m [2m:[0;39m sido - í˜¸ì¶œ
[2m2021-11-25 12:05:09.432[0;39m [32m INFO[0;39m [35m20016[0;39m [2m---[0;39m [2m[nio-9999-exec-7][0;39m [36mc.s.vue.controller.HouseMapController   [0;39m [2m:[0;39m sido - í˜¸ì¶œ
[2m2021-11-25 12:05:09.481[0;39m [32m INFO[0;39m [35m20016[0;39m [2m---[0;39m [2m[nio-9999-exec-8][0;39m [36mc.s.vue.controller.HouseMapController   [0;39m [2m:[0;39m sido - í˜¸ì¶œ
[2m2021-11-25 12:05:09.518[0;39m [32m INFO[0;39m [35m20016[0;39m [2m---[0;39m [2m[nio-9999-exec-9][0;39m [36mc.s.vue.controller.HouseMapController   [0;39m [2m:[0;39m sido - í˜¸ì¶œ
[2m2021-11-25 12:05:09.562[0;39m [32m INFO[0;39m [35m20016[0;39m [2m---[0;39m [2m[io-9999-exec-10][0;39m [36mc.s.vue.controller.HouseMapController   [0;39m [2m:[0;39m sido - í˜¸ì¶œ
[2m2021-11-25 12:05:09.600[0;39m [32m INFO[0;39m [35m20016[0;39m [2m---[0;39m [2m[nio-9999-exec-1][0;39m [36mc.s.vue.controller.HouseMapController   [0;39m [2m:[0;39m sido - í˜¸ì¶œ
[2m2021-11-25 12:05:09.635[0;39m [32m INFO[0;39m [35m20016[0;39m [2m---[0;39m [2m[nio-9999-exec-2][0;39m [36mc.s.vue.controller.HouseMapController   [0;39m [2m:[0;39m sido - í˜¸ì¶œ
[2m2021-11-25 12:05:22.338[0;39m [32m INFO[0;39m [35m20016[0;39m [2m---[0;39m [2m[nio-9999-exec-3][0;39m [36mc.s.vue.controller.HouseMapController   [0;39m [2m:[0;39m sido - í˜¸ì¶œ
[2m2021-11-25 12:07:11.203[0;39m [32m INFO[0;39m [35m20016[0;39m [2m---[0;39m [2m[nio-9999-exec-8][0;39m [36mc.s.vue.controller.HouseMapController   [0;39m [2m:[0;39m sido - í˜¸ì¶œ
[2m2021-11-25 12:08:34.022[0;39m [32m INFO[0;39m [35m20016[0;39m [2m---[0;39m [2m[nio-9999-exec-3][0;39m [36mc.s.vue.controller.HouseMapController   [0;39m [2m:[0;39m sido - í˜¸ì¶œ
[2m2021-11-25 12:08:57.565[0;39m [32m INFO[0;39m [35m20016[0;39m [2m---[0;39m [2m[nio-9999-exec-5][0;39m [36mc.s.vue.controller.HouseMapController   [0;39m [2m:[0;39m sido - í˜¸ì¶œ
[2m2021-11-25 12:09:54.392[0;39m [32m INFO[0;39m [35m20016[0;39m [2m---[0;39m [2m[nio-9999-exec-6][0;39m [36mc.s.vue.controller.HouseMapController   [0;39m [2m:[0;39m sido - í˜¸ì¶œ
[2m2021-11-25 12:10:42.661[0;39m [32m INFO[0;39m [35m20016[0;39m [2m---[0;39m [2m[nio-9999-exec-7][0;39m [36mc.s.vue.controller.HouseMapController   [0;39m [2m:[0;39m sido - í˜¸ì¶œ
[2m2021-11-25 12:11:16.173[0;39m [32m INFO[0;39m [35m20016[0;39m [2m---[0;39m [2m[io-9999-exec-10][0;39m [36mc.s.vue.controller.HouseMapController   [0;39m [2m:[0;39m sido - í˜¸ì¶œ
[2m2021-11-25 12:11:46.882[0;39m [32m INFO[0;39m [35m20016[0;39m [2m---[0;39m [2m[nio-9999-exec-2][0;39m [36mc.s.vue.controller.HouseMapController   [0;39m [2m:[0;39m sido - í˜¸ì¶œ
[2m2021-11-25 12:12:05.663[0;39m [32m INFO[0;39m [35m20016[0;39m [2m---[0;39m [2m[nio-9999-exec-4][0;39m [36mc.s.vue.controller.HouseMapController   [0;39m [2m:[0;39m sido - í˜¸ì¶œ
[2m2021-11-25 12:12:19.649[0;39m [32m INFO[0;39m [35m20016[0;39m [2m---[0;39m [2m[nio-9999-exec-6][0;39m [36mc.s.vue.controller.HouseMapController   [0;39m [2m:[0;39m sido - í˜¸ì¶œ
[2m2021-11-25 12:17:17.579[0;39m [32m INFO[0;39m [35m20016[0;39m [2m---[0;39m [2m[nio-9999-exec-9][0;39m [36mc.s.vue.controller.HouseMapController   [0;39m [2m:[0;39m sido - í˜¸ì¶œ
[2m2021-11-25 12:17:17.617[0;39m [32m INFO[0;39m [35m20016[0;39m [2m---[0;39m [2m[io-9999-exec-10][0;39m [36mc.s.vue.controller.HouseMapController   [0;39m [2m:[0;39m sido - í˜¸ì¶œ
[2m2021-11-25 12:17:17.661[0;39m [32m INFO[0;39m [35m20016[0;39m [2m---[0;39m [2m[nio-9999-exec-1][0;39m [36mc.s.vue.controller.HouseMapController   [0;39m [2m:[0;39m sido - í˜¸ì¶œ
[2m2021-11-25 12:17:17.693[0;39m [32m INFO[0;39m [35m20016[0;39m [2m---[0;39m [2m[nio-9999-exec-2][0;39m [36mc.s.vue.controller.HouseMapController   [0;39m [2m:[0;39m sido - í˜¸ì¶œ
[2m2021-11-25 12:18:42.285[0;39m [32m INFO[0;39m [35m20016[0;39m [2m---[0;39m [2m[nio-9999-exec-4][0;39m [36mc.s.vue.controller.HouseMapController   [0;39m [2m:[0;39m sido - í˜¸ì¶œ
[2m2021-11-25 12:18:42.318[0;39m [32m INFO[0;39m [35m20016[0;39m [2m---[0;39m [2m[nio-9999-exec-5][0;39m [36mc.s.vue.controller.HouseMapController   [0;39m [2m:[0;39m sido - í˜¸ì¶œ
[2m2021-11-25 12:20:44.677[0;39m [32m INFO[0;39m [35m20016[0;39m [2m---[0;39m [2m[nio-9999-exec-8][0;39m [36mc.s.vue.controller.HouseMapController   [0;39m [2m:[0;39m sido - í˜¸ì¶œ
[2m2021-11-25 12:20:44.714[0;39m [32m INFO[0;39m [35m20016[0;39m [2m---[0;39m [2m[nio-9999-exec-9][0;39m [36mc.s.vue.controller.HouseMapController   [0;39m [2m:[0;39m sido - í˜¸ì¶œ
[2m2021-11-25 12:20:44.746[0;39m [32m INFO[0;39m [35m20016[0;39m [2m---[0;39m [2m[io-9999-exec-10][0;39m [36mc.s.vue.controller.HouseMapController   [0;39m [2m:[0;39m sido - í˜¸ì¶œ
[2m2021-11-25 12:22:44.218[0;39m [32m INFO[0;39m [35m20016[0;39m [2m---[0;39m [2m[nio-9999-exec-3][0;39m [36mc.s.vue.controller.HouseMapController   [0;39m [2m:[0;39m sido - í˜¸ì¶œ
[2m2021-11-25 12:24:00.200[0;39m [32m INFO[0;39m [35m20016[0;39m [2m---[0;39m [2m[nio-9999-exec-6][0;39m [36mc.s.vue.controller.HouseMapController   [0;39m [2m:[0;39m sido - í˜¸ì¶œ
[2m2021-11-25 12:24:57.366[0;39m [32m INFO[0;39m [35m20016[0;39m [2m---[0;39m [2m[nio-9999-exec-8][0;39m [36mc.s.vue.controller.HouseMapController   [0;39m [2m:[0;39m sido - í˜¸ì¶œ
[2m2021-11-25 12:25:17.602[0;39m [32m INFO[0;39m [35m20016[0;39m [2m---[0;39m [2m[io-9999-exec-10][0;39m [36mc.s.vue.controller.HouseMapController   [0;39m [2m:[0;39m sido - í˜¸ì¶œ
[2m2021-11-25 12:26:32.676[0;39m [32m INFO[0;39m [35m20016[0;39m [2m---[0;39m [2m[nio-9999-exec-2][0;39m [36mc.s.vue.controller.HouseMapController   [0;39m [2m:[0;39m sido - í˜¸ì¶œ
[2m2021-11-25 12:26:32.711[0;39m [32m INFO[0;39m [35m20016[0;39m [2m---[0;39m [2m[nio-9999-exec-3][0;39m [36mc.s.vue.controller.HouseMapController   [0;39m [2m:[0;39m sido - í˜¸ì¶œ
[2m2021-11-25 12:26:44.787[0;39m [32m INFO[0;39m [35m20016[0;39m [2m---[0;39m [2m[nio-9999-exec-4][0;39m [36mc.s.vue.controller.HouseMapController   [0;39m [2m:[0;39m sido - í˜¸ì¶œ
[2m2021-11-25 12:26:57.843[0;39m [32m INFO[0;39m [35m20016[0;39m [2m---[0;39m [2m[nio-9999-exec-6][0;39m [36mc.s.vue.controller.HouseMapController   [0;39m [2m:[0;39m sido - í˜¸ì¶œ
[2m2021-11-25 12:27:02.383[0;39m [32m INFO[0;39m [35m20016[0;39m [2m---[0;39m [2m[nio-9999-exec-7][0;39m [36mc.s.vue.controller.HouseMapController   [0;39m [2m:[0;39m sido - í˜¸ì¶œ
[2m2021-11-25 12:27:45.604[0;39m [32m INFO[0;39m [35m20016[0;39m [2m---[0;39m [2m[nio-9999-exec-9][0;39m [36mc.s.vue.controller.HouseMapController   [0;39m [2m:[0;39m sido - í˜¸ì¶œ
[2m2021-11-25 12:29:23.256[0;39m [32m INFO[0;39m [35m20016[0;39m [2m---[0;39m [2m[nio-9999-exec-2][0;39m [36mc.s.vue.controller.HouseMapController   [0;39m [2m:[0;39m sido - í˜¸ì¶œ
[2m2021-11-25 12:29:35.248[0;39m [32m INFO[0;39m [35m20016[0;39m [2m---[0;39m [2m[nio-9999-exec-3][0;39m [36mc.s.vue.controller.HouseMapController   [0;39m [2m:[0;39m sido - í˜¸ì¶œ
[2m2021-11-25 12:29:48.965[0;39m [32m INFO[0;39m [35m20016[0;39m [2m---[0;39m [2m[nio-9999-exec-4][0;39m [36mc.s.vue.controller.HouseMapController   [0;39m [2m:[0;39m sido - í˜¸ì¶œ
[2m2021-11-25 12:30:38.959[0;39m [32m INFO[0;39m [35m20016[0;39m [2m---[0;39m [2m[nio-9999-exec-8][0;39m [36mc.s.vue.controller.HouseMapController   [0;39m [2m:[0;39m sido - í˜¸ì¶œ
[2m2021-11-25 12:33:03.757[0;39m [32m INFO[0;39m [35m20016[0;39m [2m---[0;39m [2m[nio-9999-exec-2][0;39m [36mc.s.vue.controller.HouseMapController   [0;39m [2m:[0;39m sido - í˜¸ì¶œ
[2m2021-11-25 12:33:13.574[0;39m [32m INFO[0;39m [35m20016[0;39m [2m---[0;39m [2m[nio-9999-exec-3][0;39m [36mc.s.vue.controller.HouseMapController   [0;39m [2m:[0;39m sido - í˜¸ì¶œ
[2m2021-11-25 12:34:09.778[0;39m [32m INFO[0;39m [35m20016[0;39m [2m---[0;39m [2m[nio-9999-exec-4][0;39m [36mc.s.vue.controller.HouseMapController   [0;39m [2m:[0;39m sido - í˜¸ì¶œ
[2m2021-11-25 12:34:09.835[0;39m [32m INFO[0;39m [35m20016[0;39m [2m---[0;39m [2m[nio-9999-exec-5][0;39m [36mc.s.vue.controller.HouseMapController   [0;39m [2m:[0;39m sido - í˜¸ì¶œ
[2m2021-11-25 12:34:43.045[0;39m [32m INFO[0;39m [35m20016[0;39m [2m---[0;39m [2m[nio-9999-exec-8][0;39m [36mc.s.vue.controller.HouseMapController   [0;39m [2m:[0;39m sido - í˜¸ì¶œ
[2m2021-11-25 12:35:56.597[0;39m [32m INFO[0;39m [35m20016[0;39m [2m---[0;39m [2m[nio-9999-exec-3][0;39m [36mc.s.vue.controller.HouseMapController   [0;39m [2m:[0;39m sido - í˜¸ì¶œ
[2m2021-11-25 12:37:36.403[0;39m [32m INFO[0;39m [35m20016[0;39m [2m---[0;39m [2m[nio-9999-exec-6][0;39m [36mc.s.vue.controller.HouseMapController   [0;39m [2m:[0;39m sido - í˜¸ì¶œ
[2m2021-11-25 12:38:17.005[0;39m [32m INFO[0;39m [35m20016[0;39m [2m---[0;39m [2m[nio-9999-exec-8][0;39m [36mc.s.vue.controller.HouseMapController   [0;39m [2m:[0;39m sido - í˜¸ì¶œ
[2m2021-11-25 12:38:30.058[0;39m [32m INFO[0;39m [35m20016[0;39m [2m---[0;39m [2m[nio-9999-exec-9][0;39m [36mc.s.vue.controller.HouseMapController   [0;39m [2m:[0;39m sido - í˜¸ì¶œ
[2m2021-11-25 12:39:24.021[0;39m [32m INFO[0;39m [35m20016[0;39m [2m---[0;39m [2m[nio-9999-exec-1][0;39m [36mc.s.vue.controller.HouseMapController   [0;39m [2m:[0;39m sido - í˜¸ì¶œ
[2m2021-11-25 12:40:14.947[0;39m [32m INFO[0;39m [35m20016[0;39m [2m---[0;39m [2m[nio-9999-exec-2][0;39m [36mc.s.vue.controller.HouseMapController   [0;39m [2m:[0;39m sido - í˜¸ì¶œ
[2m2021-11-25 12:40:15.097[0;39m [32m INFO[0;39m [35m20016[0;39m [2m---[0;39m [2m[nio-9999-exec-3][0;39m [36mc.s.vue.controller.HouseMapController   [0;39m [2m:[0;39m sido - í˜¸ì¶œ
[2m2021-11-25 12:40:15.287[0;39m [32m INFO[0;39m [35m20016[0;39m [2m---[0;39m [2m[nio-9999-exec-4][0;39m [36mc.s.vue.controller.HouseMapController   [0;39m [2m:[0;39m sido - í˜¸ì¶œ
[2m2021-11-25 12:42:03.776[0;39m [32m INFO[0;39m [35m20016[0;39m [2m---[0;39m [2m[nio-9999-exec-7][0;39m [36mc.s.vue.controller.HouseMapController   [0;39m [2m:[0;39m sido - í˜¸ì¶œ
[2m2021-11-25 14:03:12.453[0;39m [32m INFO[0;39m [35m20016[0;39m [2m---[0;39m [2m[nio-9999-exec-6][0;39m [36mc.s.vue.controller.HouseMapController   [0;39m [2m:[0;39m gugun - í˜¸ì¶œ
[2m2021-11-25 14:04:36.352[0;39m [32m INFO[0;39m [35m20016[0;39m [2m---[0;39m [2m[nio-9999-exec-8][0;39m [36mc.s.vue.controller.HouseMapController   [0;39m [2m:[0;39m sido - í˜¸ì¶œ
[2m2021-11-25 14:04:44.912[0;39m [32m INFO[0;39m [35m20016[0;39m [2m---[0;39m [2m[nio-9999-exec-9][0;39m [36mc.s.vue.controller.HouseMapController   [0;39m [2m:[0;39m sido - í˜¸ì¶œ
[2m2021-11-25 14:06:02.472[0;39m [32m INFO[0;39m [35m20016[0;39m [2m---[0;39m [2m[nio-9999-exec-1][0;39m [36mc.s.vue.controller.HouseMapController   [0;39m [2m:[0;39m sido - í˜¸ì¶œ
[2m2021-11-25 14:06:27.743[0;39m [32m INFO[0;39m [35m20016[0;39m [2m---[0;39m [2m[nio-9999-exec-3][0;39m [36mc.s.vue.controller.HouseMapController   [0;39m [2m:[0;39m gugun - í˜¸ì¶œ
[2m2021-11-25 14:07:14.641[0;39m [32m INFO[0;39m [35m20016[0;39m [2m---[0;39m [2m[nio-9999-exec-6][0;39m [36mc.s.vue.controller.HouseMapController   [0;39m [2m:[0;39m sido - í˜¸ì¶œ
[2m2021-11-25 14:08:10.007[0;39m [32m INFO[0;39m [35m20016[0;39m [2m---[0;39m [2m[nio-9999-exec-9][0;39m [36mc.s.vue.controller.HouseMapController   [0;39m [2m:[0;39m sido - í˜¸ì¶œ
[2m2021-11-25 14:08:14.901[0;39m [32m INFO[0;39m [35m20016[0;39m [2m---[0;39m [2m[io-9999-exec-10][0;39m [36mc.s.vue.controller.HouseMapController   [0;39m [2m:[0;39m sido - í˜¸ì¶œ
[2m2021-11-25 14:14:15.698[0;39m [32m INFO[0;39m [35m20016[0;39m [2m---[0;39m [2m[nio-9999-exec-5][0;39m [36mc.s.vue.controller.HouseMapController   [0;39m [2m:[0;39m sido - í˜¸ì¶œ
[2m2021-11-25 14:16:51.217[0;39m [32m INFO[0;39m [35m20016[0;39m [2m---[0;39m [2m[nio-9999-exec-9][0;39m [36mc.s.vue.controller.HouseMapController   [0;39m [2m:[0;39m sido - í˜¸ì¶œ
[2m2021-11-25 14:17:45.103[0;39m [32m INFO[0;39m [35m20016[0;39m [2m---[0;39m [2m[io-9999-exec-10][0;39m [36mc.s.vue.controller.HouseMapController   [0;39m [2m:[0;39m sido - í˜¸ì¶œ
[2m2021-11-25 14:17:45.240[0;39m [32m INFO[0;39m [35m20016[0;39m [2m---[0;39m [2m[nio-9999-exec-1][0;39m [36mc.s.vue.controller.HouseMapController   [0;39m [2m:[0;39m sido - í˜¸ì¶œ
[2m2021-11-25 14:17:45.383[0;39m [32m INFO[0;39m [35m20016[0;39m [2m---[0;39m [2m[nio-9999-exec-2][0;39m [36mc.s.vue.controller.HouseMapController   [0;39m [2m:[0;39m sido - í˜¸ì¶œ
[2m2021-11-25 14:18:30.585[0;39m [32m INFO[0;39m [35m20016[0;39m [2m---[0;39m [2m[nio-9999-exec-3][0;39m [36mc.s.vue.controller.HouseMapController   [0;39m [2m:[0;39m sido - í˜¸ì¶œ
[2m2021-11-25 14:18:35.414[0;39m [32m INFO[0;39m [35m20016[0;39m [2m---[0;39m [2m[nio-9999-exec-4][0;39m [36mc.s.vue.controller.HouseMapController   [0;39m [2m:[0;39m sido - í˜¸ì¶œ
[2m2021-11-25 14:20:04.454[0;39m [32m INFO[0;39m [35m20016[0;39m [2m---[0;39m [2m[nio-9999-exec-9][0;39m [36mc.s.vue.controller.HouseMapController   [0;39m [2m:[0;39m sido - í˜¸ì¶œ
[2m2021-11-25 14:22:04.066[0;39m [32m INFO[0;39m [35m20016[0;39m [2m---[0;39m [2m[nio-9999-exec-2][0;39m [36mc.s.vue.controller.HouseMapController   [0;39m [2m:[0;39m sido - í˜¸ì¶œ
[2m2021-11-25 14:22:57.287[0;39m [32m INFO[0;39m [35m20016[0;39m [2m---[0;39m [2m[nio-9999-exec-4][0;39m [36mc.s.vue.controller.HouseMapController   [0;39m [2m:[0;39m sido - í˜¸ì¶œ
[2m2021-11-25 14:22:57.414[0;39m [32m INFO[0;39m [35m20016[0;39m [2m---[0;39m [2m[nio-9999-exec-5][0;39m [36mc.s.vue.controller.HouseMapController   [0;39m [2m:[0;39m sido - í˜¸ì¶œ
[2m2021-11-25 14:26:53.478[0;39m [32m INFO[0;39m [35m20016[0;39m [2m---[0;39m [2m[io-9999-exec-10][0;39m [36mc.s.vue.controller.HouseMapController   [0;39m [2m:[0;39m sido - í˜¸ì¶œ
[2m2021-11-25 14:27:23.274[0;39m [32m INFO[0;39m [35m20016[0;39m [2m---[0;39m [2m[nio-9999-exec-2][0;39m [36mc.s.vue.controller.HouseMapController   [0;39m [2m:[0;39m sido - í˜¸ì¶œ
[2m2021-11-25 14:27:29.656[0;39m [32m INFO[0;39m [35m20016[0;39m [2m---[0;39m [2m[nio-9999-exec-3][0;39m [36mc.s.vue.controller.HouseMapController   [0;39m [2m:[0;39m sido - í˜¸ì¶œ
[2m2021-11-25 14:28:55.311[0;39m [32m INFO[0;39m [35m20016[0;39m [2m---[0;39m [2m[nio-9999-exec-6][0;39m [36mc.s.vue.controller.HouseMapController   [0;39m [2m:[0;39m sido - í˜¸ì¶œ
[2m2021-11-25 14:29:40.125[0;39m [32m INFO[0;39m [35m20016[0;39m [2m---[0;39m [2m[nio-9999-exec-8][0;39m [36mc.s.vue.controller.HouseMapController   [0;39m [2m:[0;39m sido - í˜¸ì¶œ
[2m2021-11-25 14:30:57.873[0;39m [32m INFO[0;39m [35m20016[0;39m [2m---[0;39m [2m[io-9999-exec-10][0;39m [36mc.s.vue.controller.HouseMapController   [0;39m [2m:[0;39m sido - í˜¸ì¶œ
[2m2021-11-25 14:30:57.912[0;39m [32m INFO[0;39m [35m20016[0;39m [2m---[0;39m [2m[nio-9999-exec-1][0;39m [36mc.s.vue.controller.HouseMapController   [0;39m [2m:[0;39m sido - í˜¸ì¶œ
[2m2021-11-25 14:40:05.952[0;39m [32m INFO[0;39m [35m20016[0;39m [2m---[0;39m [2m[nio-9999-exec-4][0;39m [36mc.s.vue.controller.HouseMapController   [0;39m [2m:[0;39m sido - í˜¸ì¶œ
[2m2021-11-25 14:40:08.185[0;39m [32m INFO[0;39m [35m20016[0;39m [2m---[0;39m [2m[nio-9999-exec-5][0;39m [36mc.s.vue.controller.HouseMapController   [0;39m [2m:[0;39m sido - í˜¸ì¶œ
[2m2021-11-25 14:41:17.654[0;39m [32m INFO[0;39m [35m20016[0;39m [2m---[0;39m [2m[nio-9999-exec-8][0;39m [36mc.s.vue.controller.HouseMapController   [0;39m [2m:[0;39m sido - í˜¸ì¶œ
[2m2021-11-25 14:41:36.314[0;39m [32m INFO[0;39m [35m20016[0;39m [2m---[0;39m [2m[io-9999-exec-10][0;39m [36mc.s.vue.controller.HouseMapController   [0;39m [2m:[0;39m gugun - í˜¸ì¶œ
[2m2021-11-25 14:55:46.456[0;39m [32m INFO[0;39m [35m20016[0;39m [2m---[0;39m [2m[nio-9999-exec-6][0;39m [36mc.ssafy.vue.controller.BoardController  [0;39m [2m:[0;39m listArticle - í˜¸ì¶œ
[2m2021-11-25 14:55:47.078[0;39m [32m INFO[0;39m [35m20016[0;39m [2m---[0;39m [2m[nio-9999-exec-7][0;39m [36mc.s.vue.controller.HouseMapController   [0;39m [2m:[0;39m sido - í˜¸ì¶œ
[2m2021-11-25 14:55:48.536[0;39m [32m INFO[0;39m [35m20016[0;39m [2m---[0;39m [2m[nio-9999-exec-8][0;39m [36mc.s.vue.controller.HouseMapController   [0;39m [2m:[0;39m sido - í˜¸ì¶œ
[2m2021-11-25 14:55:54.838[0;39m [32m INFO[0;39m [35m20016[0;39m [2m---[0;39m [2m[nio-9999-exec-9][0;39m [36mc.s.vue.controller.HouseMapController   [0;39m [2m:[0;39m sido - í˜¸ì¶œ
[2m2021-11-25 15:05:51.033[0;39m [32m INFO[0;39m [35m20016[0;39m [2m---[0;39m [2m[nio-9999-exec-1][0;39m [36mc.ssafy.vue.controller.BoardController  [0;39m [2m:[0;39m listArticle - í˜¸ì¶œ
[2m2021-11-25 15:05:56.622[0;39m [32mDEBUG[0;39m [35m20016[0;39m [2m---[0;39m [2m[nio-9999-exec-3][0;39m [36mc.ssafy.vue.controller.MemberController [0;39m [2m:[0;39m ë¡œê·¸ì¸ í† í°ì •ë³´ : eyJ0eXAiOiJKV1QiLCJyZWdEYXRlIjoxNjM3ODIwMzU2NTg5LCJhbGciOiJIUzI1NiJ9.eyJleHAiOjE2Mzc4MjM5NTYsInN1YiI6ImFjY2Vzcy10b2tlbiIsInVzZXJpZCI6InNzYWZ5In0.FSLjG2fNrG0zHEFz56BC1SPvUtE_8za8qASv6Kfduhs
[2m2021-11-25 15:05:56.658[0;39m [32m INFO[0;39m [35m20016[0;39m [2m---[0;39m [2m[nio-9999-exec-5][0;39m [36mc.ssafy.vue.controller.MemberController [0;39m [2m:[0;39m ì‚¬ìš© ê°€ëŠ¥í•œ í† í°!!!
[2m2021-11-25 15:05:59.798[0;39m [32m INFO[0;39m [35m20016[0;39m [2m---[0;39m [2m[nio-9999-exec-6][0;39m [36mc.ssafy.vue.controller.BoardController  [0;39m [2m:[0;39m listArticle - í˜¸ì¶œ
[2m2021-11-25 15:06:01.188[0;39m [32m INFO[0;39m [35m20016[0;39m [2m---[0;39m [2m[nio-9999-exec-7][0;39m [36mc.ssafy.vue.controller.BoardController  [0;39m [2m:[0;39m getArticle - í˜¸ì¶œ : 6
[2m2021-11-25 15:06:02.746[0;39m [32m INFO[0;39m [35m20016[0;39m [2m---[0;39m [2m[nio-9999-exec-8][0;39m [36mc.ssafy.vue.controller.BoardController  [0;39m [2m:[0;39m getArticle - í˜¸ì¶œ : 6
[2m2021-11-25 15:06:03.371[0;39m [32m INFO[0;39m [35m20016[0;39m [2m---[0;39m [2m[nio-9999-exec-9][0;39m [36mc.ssafy.vue.controller.BoardController  [0;39m [2m:[0;39m listArticle - í˜¸ì¶œ
[2m2021-11-25 15:06:04.586[0;39m [32m INFO[0;39m [35m20016[0;39m [2m---[0;39m [2m[io-9999-exec-10][0;39m [36mc.ssafy.vue.controller.BoardController  [0;39m [2m:[0;39m getArticle - í˜¸ì¶œ : 6
[2m2021-11-25 15:06:05.621[0;39m [32m INFO[0;39m [35m20016[0;39m [2m---[0;39m [2m[nio-9999-exec-1][0;39m [36mc.ssafy.vue.controller.BoardController  [0;39m [2m:[0;39m listArticle - í˜¸ì¶œ
[2m2021-11-25 15:56:54.719[0;39m [32m INFO[0;39m [35m20016[0;39m [2m---[0;39m [2m[nio-9999-exec-3][0;39m [36mc.ssafy.vue.controller.BoardController  [0;39m [2m:[0;39m listArticle - í˜¸ì¶œ
[2m2021-11-25 15:58:28.526[0;39m [32m INFO[0;39m [35m20016[0;39m [2m---[0;39m [2m[nio-9999-exec-5][0;39m [36mc.ssafy.vue.controller.BoardController  [0;39m [2m:[0;39m listArticle - í˜¸ì¶œ
[2m2021-11-25 15:58:45.191[0;39m [32m INFO[0;39m [35m20016[0;39m [2m---[0;39m [2m[nio-9999-exec-6][0;39m [36mc.ssafy.vue.controller.BoardController  [0;39m [2m:[0;39m listArticle - í˜¸ì¶œ
[2m2021-11-25 15:58:45.548[0;39m [32m INFO[0;39m [35m20016[0;39m [2m---[0;39m [2m[nio-9999-exec-7][0;39m [36mc.s.vue.controller.HouseMapController   [0;39m [2m:[0;39m sido - í˜¸ì¶œ
[2m2021-11-25 15:59:14.040[0;39m [32m INFO[0;39m [35m20016[0;39m [2m---[0;39m [2m[nio-9999-exec-8][0;39m [36mc.s.vue.controller.HouseMapController   [0;39m [2m:[0;39m sido - í˜¸ì¶œ
[2m2021-11-25 15:59:14.655[0;39m [32m INFO[0;39m [35m20016[0;39m [2m---[0;39m [2m[nio-9999-exec-9][0;39m [36mc.ssafy.vue.controller.BoardController  [0;39m [2m:[0;39m listArticle - í˜¸ì¶œ
[2m2021-11-25 15:59:14.957[0;39m [32m INFO[0;39m [35m20016[0;39m [2m---[0;39m [2m[io-9999-exec-10][0;39m [36mc.s.vue.controller.HouseMapController   [0;39m [2m:[0;39m sido - í˜¸ì¶œ
[2m2021-11-25 15:59:15.201[0;39m [32m INFO[0;39m [35m20016[0;39m [2m---[0;39m [2m[nio-9999-exec-1][0;39m [36mc.ssafy.vue.controller.BoardController  [0;39m [2m:[0;39m listArticle - í˜¸ì¶œ
[2m2021-11-25 16:01:23.232[0;39m [32m INFO[0;39m [35m20016[0;39m [2m---[0;39m [2m[nio-9999-exec-3][0;39m [36mc.ssafy.vue.controller.BoardController  [0;39m [2m:[0;39m listArticle - í˜¸ì¶œ
[2m2021-11-25 16:01:23.715[0;39m [32m INFO[0;39m [35m20016[0;39m [2m---[0;39m [2m[nio-9999-exec-4][0;39m [36mc.s.vue.controller.HouseMapController   [0;39m [2m:[0;39m sido - í˜¸ì¶œ
[2m2021-11-25 16:01:29.333[0;39m [32m INFO[0;39m [35m20016[0;39m [2m---[0;39m [2m[nio-9999-exec-5][0;39m [36mc.ssafy.vue.controller.BoardController  [0;39m [2m:[0;39m listArticle - í˜¸ì¶œ
[2m2021-11-25 16:01:30.124[0;39m [32m INFO[0;39m [35m20016[0;39m [2m---[0;39m [2m[nio-9999-exec-6][0;39m [36mc.ssafy.vue.controller.BoardController  [0;39m [2m:[0;39m listArticle - í˜¸ì¶œ
[2m2021-11-25 16:01:30.390[0;39m [32m INFO[0;39m [35m20016[0;39m [2m---[0;39m [2m[nio-9999-exec-7][0;39m [36mc.s.vue.controller.HouseMapController   [0;39m [2m:[0;39m sido - í˜¸ì¶œ
[2m2021-11-25 17:07:43.607[0;39m [32mDEBUG[0;39m [35m20016[0;39m [2m---[0;39m [2m[nio-9999-exec-2][0;39m [36mc.ssafy.vue.controller.MemberController [0;39m [2m:[0;39m ë¡œê·¸ì¸ í† í°ì •ë³´ : eyJ0eXAiOiJKV1QiLCJyZWdEYXRlIjoxNjM3ODI3NjYzNjA2LCJhbGciOiJIUzI1NiJ9.eyJleHAiOjE2Mzc4MzEyNjMsInN1YiI6ImFjY2Vzcy10b2tlbiIsInVzZXJpZCI6InNzYWZ5In0.l6oj78O7jV13eJ9QALo-DKPLlYAWEhF81UtQ_9i3XQw
[2m2021-11-25 17:07:43.635[0;39m [32m INFO[0;39m [35m20016[0;39m [2m---[0;39m [2m[nio-9999-exec-4][0;39m [36mc.ssafy.vue.controller.MemberController [0;39m [2m:[0;39m ì‚¬ìš© ê°€ëŠ¥í•œ í† í°!!!
[2m2021-11-25 17:14:33.722[0;39m [32m INFO[0;39m [35m20016[0;39m [2m---[0;39m [2m[nio-9999-exec-6][0;39m [36mc.ssafy.vue.controller.BoardController  [0;39m [2m:[0;39m listArticle - í˜¸ì¶œ
[2m2021-11-25 17:15:17.745[0;39m [32m INFO[0;39m [35m20016[0;39m [2m---[0;39m [2m[nio-9999-exec-8][0;39m [36mc.ssafy.vue.controller.BoardController  [0;39m [2m:[0;39m writeArticle - í˜¸ì¶œ
[2m2021-11-25 17:15:18.771[0;39m [32m INFO[0;39m [35m20016[0;39m [2m---[0;39m [2m[nio-9999-exec-9][0;39m [36mc.ssafy.vue.controller.BoardController  [0;39m [2m:[0;39m listArticle - í˜¸ì¶œ
[2m2021-11-25 17:16:24.792[0;39m [32m INFO[0;39m [35m20016[0;39m [2m---[0;39m [2m[nio-9999-exec-1][0;39m [36mc.ssafy.vue.controller.BoardController  [0;39m [2m:[0;39m listArticle - í˜¸ì¶œ
[2m2021-11-25 17:16:55.684[0;39m [32m INFO[0;39m [35m20016[0;39m [2m---[0;39m [2m[nio-9999-exec-2][0;39m [36mc.ssafy.vue.controller.BoardController  [0;39m [2m:[0;39m writeArticle - í˜¸ì¶œ
[2m2021-11-25 17:16:56.666[0;39m [32m INFO[0;39m [35m20016[0;39m [2m---[0;39m [2m[nio-9999-exec-3][0;39m [36mc.ssafy.vue.controller.BoardController  [0;39m [2m:[0;39m listArticle - í˜¸ì¶œ
[2m2021-11-25 17:17:26.995[0;39m [32m INFO[0;39m [35m20016[0;39m [2m---[0;39m [2m[nio-9999-exec-4][0;39m [36mc.ssafy.vue.controller.BoardController  [0;39m [2m:[0;39m writeArticle - í˜¸ì¶œ
[2m2021-11-25 17:17:27.901[0;39m [32m INFO[0;39m [35m20016[0;39m [2m---[0;39m [2m[nio-9999-exec-5][0;39m [36mc.ssafy.vue.controller.BoardController  [0;39m [2m:[0;39m listArticle - í˜¸ì¶œ
[2m2021-11-25 17:18:40.160[0;39m [32m INFO[0;39m [35m20016[0;39m [2m---[0;39m [2m[nio-9999-exec-7][0;39m [36mc.ssafy.vue.controller.BoardController  [0;39m [2m:[0;39m listArticle - í˜¸ì¶œ
[2m2021-11-25 17:18:42.862[0;39m [32m INFO[0;39m [35m20016[0;39m [2m---[0;39m [2m[nio-9999-exec-8][0;39m [36mc.ssafy.vue.controller.BoardController  [0;39m [2m:[0;39m getArticle - í˜¸ì¶œ : 6
[2m2021-11-25 17:20:56.513[0;39m [32m INFO[0;39m [35m20016[0;39m [2m---[0;39m [2m[io-9999-exec-10][0;39m [36mc.ssafy.vue.controller.BoardController  [0;39m [2m:[0;39m getArticle - í˜¸ì¶œ : 6
[2m2021-11-25 17:21:39.434[0;39m [32m INFO[0;39m [35m20016[0;39m [2m---[0;39m [2m[nio-9999-exec-1][0;39m [36mc.ssafy.vue.controller.BoardController  [0;39m [2m:[0;39m listArticle - í˜¸ì¶œ
[2m2021-11-25 17:21:42.114[0;39m [32m INFO[0;39m [35m20016[0;39m [2m---[0;39m [2m[nio-9999-exec-2][0;39m [36mc.s.vue.controller.HouseMapController   [0;39m [2m:[0;39m sido - í˜¸ì¶œ
[2m2021-11-25 17:26:57.344[0;39m [32m INFO[0;39m [35m20016[0;39m [2m---[0;39m [2m[nio-9999-exec-6][0;39m [36mc.s.vue.controller.HouseMapController   [0;39m [2m:[0;39m sido - í˜¸ì¶œ
[2m2021-11-25 17:46:02.947[0;39m [32m INFO[0;39m [35m20016[0;39m [2m---[0;39m [2m[nio-9999-exec-9][0;39m [36mc.s.vue.controller.HouseMapController   [0;39m [2m:[0;39m sido - í˜¸ì¶œ
[2m2021-11-25 19:36:55.429[0;39m [32m INFO[0;39m [35m20016[0;39m [2m---[0;39m [2m[on(3)-127.0.0.1][0;39m [36minMXBeanRegistrar$SpringApplicationAdmin[0;39m [2m:[0;39m Application shutdown requested.
[2m2021-11-25 19:36:55.429[0;39m [32m INFO[0;39m [35m20016[0;39m [2m---[0;39m [2m[on(4)-127.0.0.1][0;39m [36minMXBeanRegistrar$SpringApplicationAdmin[0;39m [2m:[0;39m Application shutdown requested.
